<?xml version="1.0" encoding="UTF-8"?>
<!-- Generated by org.testng.reporters.JUnitReportReporter -->
<testsuite name="com.qmetry.qaf.automation.step.client.DataDrivenScenario" tests="4" time="5.349" ignored="6" failures="0" timestamp="27 Dec 2021 18:00:41 GMT" skipped="0" hostname="Nishits-MacBook-Pro.local" errors="0">
  <testcase name="Create user with outline" time="0.353" classname="com.qmetry.qaf.automation.step.client.DataDrivenScenario"/>
  <testcase name="Create user with outline" time="0.564" classname="com.qmetry.qaf.automation.step.client.DataDrivenScenario"/>
  <testcase name="Verify post operation for list of users with valid data" time="3.877" classname="com.qmetry.qaf.automation.step.client.DataDrivenScenario"/>
  <testcase name="Create user with outline" time="0.555" classname="com.qmetry.qaf.automation.step.client.DataDrivenScenario"/>
  <testcase name="Verify post operation for list of users with valid data" classname="com.qmetry.qaf.automation.step.client.DataDrivenScenario">
    <skipped/>
  </testcase> <!-- Verify post operation for list of users with valid data -->
  <testcase name="Create user with outline" classname="com.qmetry.qaf.automation.step.client.DataDrivenScenario">
    <skipped/>
  </testcase> <!-- Create user with outline -->
  <testcase name="setupTest" classname="com.qmetry.qaf.automation.testng.TestNGTestCase">
    <skipped/>
  </testcase> <!-- setupTest -->
  <testcase name="setupSuit" classname="com.qmetry.qaf.automation.testng.TestNGTestCase">
    <skipped/>
  </testcase> <!-- setupSuit -->
  <testcase name="afterSuit" classname="com.qmetry.qaf.automation.testng.TestNGTestCase">
    <skipped/>
  </testcase> <!-- afterSuit -->
  <testcase name="afterTest" classname="com.qmetry.qaf.automation.ui.AbstractTestCase">
    <skipped/>
  </testcase> <!-- afterTest -->
</testsuite> <!-- com.qmetry.qaf.automation.step.client.DataDrivenScenario -->
