<?xml version="1.0" encoding="UTF-8"?>
<!-- Generated by org.testng.reporters.JUnitReportReporter -->
<testsuite name="com.qmetry.qaf.automation.step.client.Scenario" tests="2" time="1.014" ignored="6" failures="0" timestamp="27 Dec 2021 18:00:41 GMT" skipped="0" hostname="Nishits-MacBook-Pro.local" errors="0">
  <testcase name="Verify invalid user by performing GET API Request" time="0.352" classname="com.qmetry.qaf.automation.step.client.Scenario"/>
  <testcase name="Get User Details" time="0.662" classname="com.qmetry.qaf.automation.step.client.Scenario"/>
  <testcase name="Verify post operation for list of users with valid data" classname="com.qmetry.qaf.automation.step.client.DataDrivenScenario">
    <skipped/>
  </testcase> <!-- Verify post operation for list of users with valid data -->
  <testcase name="Create user with outline" classname="com.qmetry.qaf.automation.step.client.DataDrivenScenario">
    <skipped/>
  </testcase> <!-- Create user with outline -->
  <testcase name="setupTest" classname="com.qmetry.qaf.automation.testng.TestNGTestCase">
    <skipped/>
  </testcase> <!-- setupTest -->
  <testcase name="setupSuit" classname="com.qmetry.qaf.automation.testng.TestNGTestCase">
    <skipped/>
  </testcase> <!-- setupSuit -->
  <testcase name="afterSuit" classname="com.qmetry.qaf.automation.testng.TestNGTestCase">
    <skipped/>
  </testcase> <!-- afterSuit -->
  <testcase name="afterTest" classname="com.qmetry.qaf.automation.ui.AbstractTestCase">
    <skipped/>
  </testcase> <!-- afterTest -->
</testsuite> <!-- com.qmetry.qaf.automation.step.client.Scenario -->
